<?xml version="1.0" encoding="UTF-8"?>
<testng-results skipped="0" failed="0" ignored="0" total="1" passed="1">
  <reporter-output>
  </reporter-output>
  <suite name="Default suite" duration-ms="79800" started-at="2022-09-13T18:23:16 IST" finished-at="2022-09-13T18:24:36 IST">
    <groups>
    </groups>
    <test name="Default test" duration-ms="79800" started-at="2022-09-13T18:23:16 IST" finished-at="2022-09-13T18:24:36 IST">
      <class name="tests.app1Test">
        <test-method status="PASS" signature="tc1()[pri:0, instance:tests.app1Test@3578436e]" name="tc1" duration-ms="79726" started-at="2022-09-13T18:23:16 IST" finished-at="2022-09-13T18:24:36 IST">
          <reporter-output>
          </reporter-output>
        </test-method> <!-- tc1 -->
      </class> <!-- tests.app1Test -->
    </test> <!-- Default test -->
  </suite> <!-- Default suite -->
</testng-results>
